info it worked if it ends with ok
verbose cli [ 'node',
verbose cli   '/usr/local/bin/npm',
verbose cli   'install',
verbose cli   '-g',
verbose cli   'node-cssmin' ]
info using npm@1.0.9
info using node@v0.5.0-pre
verbose config file /Users/nsantolo/.npmrc
verbose config file /usr/local/etc/npmrc
verbose into /usr/local/lib [ 'node-cssmin' ]
verbose cache add [ 'node-cssmin', null ]
info addNamed [ 'node-cssmin', '' ]
verbose addNamed [ null, '' ]
verbose GET node-cssmin
verbose raw, before any munging node-cssmin
verbose url resolving [ 'http://registry.npmjs.org/', './node-cssmin' ]
verbose url resolved http://registry.npmjs.org/node-cssmin
verbose url parsed { protocol: 'http:',
verbose url parsed   slashes: true,
verbose url parsed   host: 'registry.npmjs.org',
verbose url parsed   hostname: 'registry.npmjs.org',
verbose url parsed   href: 'http://registry.npmjs.org/node-cssmin',
verbose url parsed   pathname: '/node-cssmin' }
verbose response http://registry.npmjs.org/node-cssmin
silly chunk {"error":"not_found","reason":"document not found"}
silly chunk 
silly get cb [ 404,
silly get cb   { server: 'CouchDB/1.0.2 (Erlang OTP/R14B)',
silly get cb     date: 'Fri, 03 Jun 2011 19:50:17 GMT',
silly get cb     'content-type': 'application/json',
silly get cb     'content-length': '52',
silly get cb     'cache-control': 'must-revalidate' } ]
ERR! 404 'node-cssmin' is not in the npm registry.
ERR! 404 You should bug the author to publish it.
ERR! 404 Note that you can also install from a tarball or folder.
ERR! 
ERR! System Darwin 10.7.0
ERR! command "node" "/usr/local/bin/npm" "install" "-g" "node-cssmin"
verbose exit [ 1, true ]
